Build started 14.05.2017 12:43:49.
     1>Project "C:\Users\Рустам\documents\visual studio 2010\Projects\calc\calc\calc.vcxproj" on node 2 (build target(s)).
     1>InitializeBuildStatus:
         Creating "Debug\calc.unsuccessfulbuild" because "AlwaysCreate" was specified.
       ClCompile:
         D:\программы\msvs2010\VC\bin\CL.exe /c /ZI /nologo /W3 /WX- /Od /Oy- /D WIN32 /D _DEBUG /D _CONSOLE /D _UNICODE /D UNICODE /Gm /EHsc /RTC1 /MDd /GS /fp:precise /Zc:wchar_t /Zc:forScope /Fo"Debug\\" /Fd"Debug\vc100.pdb" /Gd /TP /analyze- /errorReport:prompt main.cpp
         main.cpp
     1>c:\users\рустам\documents\visual studio 2010\projects\calc\calc\main.cpp(27): warning C4018: '<' : signed/unsigned mismatch
       Link:
         D:\программы\msvs2010\VC\bin\link.exe /ERRORREPORT:PROMPT /OUT:"C:\Users\Рустам\documents\visual studio 2010\Projects\calc\Debug\calc.exe" /INCREMENTAL:NO /NOLOGO kernel32.lib user32.lib gdi32.lib winspool.lib comdlg32.lib advapi32.lib shell32.lib ole32.lib oleaut32.lib uuid.lib odbc32.lib odbccp32.lib /MANIFEST /ManifestFile:"Debug\calc.exe.intermediate.manifest" /MANIFESTUAC:"level='asInvoker' uiAccess='false'" /DEBUG /PDB:"C:\Users\Рустам\documents\visual studio 2010\Projects\calc\Debug\calc.pdb" /SUBSYSTEM:CONSOLE /TLBID:1 /DYNAMICBASE /NXCOMPAT /IMPLIB:"C:\Users\Рустам\documents\visual studio 2010\Projects\calc\Debug\calc.lib" /MACHINE:X86 Debug\main.obj
         Debug\parserText.obj
     1>main.obj : warning LNK4075: ignoring '/EDITANDCONTINUE' due to '/INCREMENTAL:NO' specification
         calc.vcxproj -> C:\Users\Рустам\documents\visual studio 2010\Projects\calc\Debug\calc.exe
       Manifest:
         C:\Program Files (x86)\Microsoft SDKs\Windows\v7.0A\bin\mt.exe /nologo /verbose /outputresource:"C:\Users\Рустам\documents\visual studio 2010\Projects\calc\Debug\calc.exe;#1" /manifest Debug\calc.exe.intermediate.manifest
       FinalizeBuildStatus:
         Deleting file "Debug\calc.unsuccessfulbuild".
         Touching "Debug\calc.lastbuildstate".
     1>Done Building Project "C:\Users\Рустам\documents\visual studio 2010\Projects\calc\calc\calc.vcxproj" (build target(s)).

Build succeeded.

Time Elapsed 00:00:00.68
